  [4;36;1mSQL (0.1ms)[0m   [0;1mSET NAMES 'utf8'[0m
  [4;35;1mSQL (0.1ms)[0m   [0mSET SQL_AUTO_IS_NULL=0[0m
  [4;36;1mSQL (0.3ms)[0m   [0;1mSHOW TABLES[0m
  [4;35;1mSQL (110.0ms)[0m   [0mCREATE TABLE `schema_migrations` (`version` varchar(255) NOT NULL) ENGINE=InnoDB[0m
  [4;36;1mSQL (201.4ms)[0m   [0;1mCREATE UNIQUE INDEX `unique_schema_migrations` ON `schema_migrations` (`version`)[0m
  [4;35;1mSQL (0.3ms)[0m   [0mSHOW TABLES[0m
  [4;36;1mSQL (0.3ms)[0m   [0;1mSHOW TABLES[0m
  [4;35;1mSQL (0.3ms)[0m   [0mSELECT version FROM schema_migrations[0m
  [4;36;1mSQL (0.2ms)[0m   [0;1mSHOW TABLES[0m
  [4;36;1mSQL (0.1ms)[0m   [0;1mSET NAMES 'utf8'[0m
  [4;35;1mSQL (0.1ms)[0m   [0mSET SQL_AUTO_IS_NULL=0[0m
  [4;36;1mSQL (0.3ms)[0m   [0;1mSHOW TABLES[0m
  [4;35;1mSQL (0.1ms)[0m   [0mSELECT version FROM schema_migrations[0m
Migrating to CreateProducts (20091119225327)
  [4;36;1mSQL (0.1ms)[0m   [0;1mSET NAMES 'utf8'[0m
  [4;35;1mSQL (0.1ms)[0m   [0mSET SQL_AUTO_IS_NULL=0[0m
  [4;36;1mSQL (0.3ms)[0m   [0;1mSHOW TABLES[0m
  [4;35;1mSQL (0.1ms)[0m   [0mSELECT version FROM schema_migrations[0m
Migrating to CreateProducts (20091119225327)
  [4;36;1mSQL (0.1ms)[0m   [0;1mSET NAMES 'utf8'[0m
  [4;35;1mSQL (0.1ms)[0m   [0mSET SQL_AUTO_IS_NULL=0[0m
  [4;36;1mSQL (0.3ms)[0m   [0;1mSHOW TABLES[0m
  [4;35;1mSQL (0.1ms)[0m   [0mSELECT version FROM schema_migrations[0m
Migrating to CreateProducts (20091119225927)
  [4;36;1mSQL (155.0ms)[0m   [0;1mCREATE TABLE `products` (`id` int(11) DEFAULT NULL auto_increment PRIMARY KEY, `title` varchar(255), `description` text, `image_url` varchar(255), `created_at` datetime, `updated_at` datetime) ENGINE=InnoDB[0m
  [4;35;1mSQL (49.5ms)[0m   [0mINSERT INTO schema_migrations (version) VALUES ('20091119225927')[0m
  [4;36;1mSQL (0.4ms)[0m   [0;1mSHOW TABLES[0m
  [4;35;1mSQL (0.2ms)[0m   [0mSELECT version FROM schema_migrations[0m
  [4;36;1mSQL (0.3ms)[0m   [0;1mSHOW TABLES[0m
  [4;35;1mSQL (1.1ms)[0m   [0mSHOW FIELDS FROM `products`[0m
  [4;36;1mSQL (0.9ms)[0m   [0;1mdescribe `products`[0m
  [4;35;1mSQL (0.3ms)[0m   [0mSHOW KEYS FROM `products`[0m
  [4;36;1mSQL (0.1ms)[0m   [0;1mSET NAMES 'utf8'[0m
  [4;35;1mSQL (0.1ms)[0m   [0mSET SQL_AUTO_IS_NULL=0[0m


Processing Rails::InfoController#properties (for 127.0.1.1 at 2009-11-19 18:04:30) [GET]
  [4;36;1mSQL (0.5ms)[0m   [0;1mSHOW TABLES[0m
  [4;35;1mSQL (0.1ms)[0m   [0mSELECT version FROM schema_migrations[0m
Completed in 78ms (View: 15, DB: 1) | 200 OK [http://depot.smallact.com/rails/info/properties]
  [4;36;1mSQL (0.1ms)[0m   [0;1mSET NAMES 'utf8'[0m
  [4;35;1mSQL (0.1ms)[0m   [0mSET SQL_AUTO_IS_NULL=0[0m


Processing ProductsController#index (for 127.0.1.1 at 2009-11-19 18:04:36) [GET]
  [4;36;1mProduct Load (0.4ms)[0m   [0;1mSELECT * FROM `products` [0m
Rendering template within layouts/products
Rendering products/index
Completed in 70ms (View: 59, DB: 1) | 200 OK [http://depot.smallact.com/products]
  [4;35;1mSQL (0.1ms)[0m   [0mSET NAMES 'utf8'[0m
  [4;36;1mSQL (0.1ms)[0m   [0;1mSET SQL_AUTO_IS_NULL=0[0m


Processing ProductsController#new (for 127.0.1.1 at 2009-11-19 18:05:42) [GET]
  [4;35;1mProduct Columns (1.2ms)[0m   [0mSHOW FIELDS FROM `products`[0m
Rendering template within layouts/products
Rendering products/new
Completed in 38ms (View: 24, DB: 1) | 200 OK [http://depot.smallact.com/products/new]
  [4;36;1mSQL (0.1ms)[0m   [0;1mSET NAMES 'utf8'[0m
  [4;35;1mSQL (0.1ms)[0m   [0mSET SQL_AUTO_IS_NULL=0[0m


Processing ProductsController#create (for 127.0.1.1 at 2009-11-19 18:05:58) [POST]
  Parameters: {"commit"=>"Create", "authenticity_token"=>"Vzn1kbiIeFML2vYuTIfbMCwsxcbpYXNOia7PlywT9CY=", "product"=>{"image_url"=>"", "title"=>"new product", "description"=>"i have nothing to add but this is a good new product"}}
  [4;36;1mProduct Columns (1.0ms)[0m   [0;1mSHOW FIELDS FROM `products`[0m
  [4;35;1mSQL (0.1ms)[0m   [0mBEGIN[0m
  [4;36;1mProduct Create (7.1ms)[0m   [0;1mINSERT INTO `products` (`created_at`, `title`, `image_url`, `updated_at`, `description`) VALUES('2009-11-19 23:05:58', 'new product', '', '2009-11-19 23:05:58', 'i have nothing to add but this is a good new product')[0m
  [4;35;1mSQL (39.6ms)[0m   [0mCOMMIT[0m
Redirected to http://depot.smallact.com/products/1
Completed in 66ms (DB: 48) | 302 Found [http://depot.smallact.com/products]
  [4;36;1mSQL (0.1ms)[0m   [0;1mSET NAMES 'utf8'[0m
  [4;35;1mSQL (0.1ms)[0m   [0mSET SQL_AUTO_IS_NULL=0[0m


Processing ProductsController#show (for 127.0.1.1 at 2009-11-19 18:05:58) [GET]
  Parameters: {"id"=>"1"}
  [4;36;1mProduct Columns (1.0ms)[0m   [0;1mSHOW FIELDS FROM `products`[0m
  [4;35;1mProduct Load (0.3ms)[0m   [0mSELECT * FROM `products` WHERE (`products`.`id` = 1) [0m
Rendering template within layouts/products
Rendering products/show
Completed in 25ms (View: 12, DB: 1) | 200 OK [http://depot.smallact.com/products/1]
  [4;36;1mSQL (0.1ms)[0m   [0;1mSET NAMES 'utf8'[0m
  [4;35;1mSQL (0.1ms)[0m   [0mSET SQL_AUTO_IS_NULL=0[0m


Processing ProductsController#edit (for 127.0.1.1 at 2009-11-19 18:06:46) [GET]
  Parameters: {"id"=>"1"}
  [4;36;1mProduct Columns (1.1ms)[0m   [0;1mSHOW FIELDS FROM `products`[0m
  [4;35;1mProduct Load (0.1ms)[0m   [0mSELECT * FROM `products` WHERE (`products`.`id` = 1) [0m
Rendering template within layouts/products
Rendering products/edit
Completed in 32ms (View: 20, DB: 1) | 200 OK [http://depot.smallact.com/products/1/edit]
  [4;36;1mSQL (0.1ms)[0m   [0;1mSET NAMES 'utf8'[0m
  [4;35;1mSQL (0.1ms)[0m   [0mSET SQL_AUTO_IS_NULL=0[0m


Processing ProductsController#update (for 127.0.1.1 at 2009-11-19 18:06:53) [PUT]
  Parameters: {"commit"=>"Update", "authenticity_token"=>"Vzn1kbiIeFML2vYuTIfbMCwsxcbpYXNOia7PlywT9CY=", "id"=>"1", "product"=>{"image_url"=>"images/svn.jpg", "title"=>"new product", "description"=>"i have nothing to add but this is a good new product"}}
  [4;36;1mProduct Columns (1.2ms)[0m   [0;1mSHOW FIELDS FROM `products`[0m
  [4;35;1mProduct Load (0.1ms)[0m   [0mSELECT * FROM `products` WHERE (`products`.`id` = 1) [0m
  [4;36;1mSQL (0.2ms)[0m   [0;1mBEGIN[0m
  [4;35;1mProduct Update (0.4ms)[0m   [0mUPDATE `products` SET `updated_at` = '2009-11-19 23:06:53', `image_url` = 'images/svn.jpg' WHERE `id` = 1[0m
  [4;36;1mSQL (50.9ms)[0m   [0;1mCOMMIT[0m
Redirected to http://depot.smallact.com/products/1
Completed in 71ms (DB: 53) | 302 Found [http://depot.smallact.com/products/1]
  [4;35;1mSQL (0.1ms)[0m   [0mSET NAMES 'utf8'[0m
  [4;36;1mSQL (0.1ms)[0m   [0;1mSET SQL_AUTO_IS_NULL=0[0m


Processing ProductsController#show (for 127.0.1.1 at 2009-11-19 18:06:53) [GET]
  Parameters: {"id"=>"1"}
  [4;35;1mProduct Columns (1.1ms)[0m   [0mSHOW FIELDS FROM `products`[0m
  [4;36;1mProduct Load (0.3ms)[0m   [0;1mSELECT * FROM `products` WHERE (`products`.`id` = 1) [0m
Rendering template within layouts/products
Rendering products/show
Completed in 19ms (View: 5, DB: 2) | 200 OK [http://depot.smallact.com/products/1]
  [4;36;1mSQL (0.1ms)[0m   [0;1mSET NAMES 'utf8'[0m
  [4;35;1mSQL (0.1ms)[0m   [0mSET SQL_AUTO_IS_NULL=0[0m
  [4;36;1mSQL (0.3ms)[0m   [0;1mSHOW TABLES[0m
  [4;35;1mSQL (0.1ms)[0m   [0mSELECT version FROM schema_migrations[0m
Migrating to CreateProducts (20091119225927)
Migrating to AddPriceToProduct (20091119230814)
  [4;36;1mSQL (0.1ms)[0m   [0;1mSET NAMES 'utf8'[0m
  [4;35;1mSQL (0.1ms)[0m   [0mSET SQL_AUTO_IS_NULL=0[0m
  [4;36;1mSQL (0.3ms)[0m   [0;1mSHOW TABLES[0m
  [4;35;1mSQL (0.1ms)[0m   [0mSELECT version FROM schema_migrations[0m
Migrating to CreateProducts (20091119225927)
Migrating to AddPriceToProduct (20091119230814)
  [4;36;1mSQL (292.9ms)[0m   [0;1mALTER TABLE `products` ADD `price` decimal(8,2) DEFAULT 0[0m
  [4;35;1mSQL (49.4ms)[0m   [0mINSERT INTO schema_migrations (version) VALUES ('20091119230814')[0m
  [4;36;1mSQL (0.4ms)[0m   [0;1mSHOW TABLES[0m
  [4;35;1mSQL (0.2ms)[0m   [0mSELECT version FROM schema_migrations[0m
  [4;36;1mSQL (0.2ms)[0m   [0;1mSHOW TABLES[0m
  [4;35;1mSQL (1.1ms)[0m   [0mSHOW FIELDS FROM `products`[0m
  [4;36;1mSQL (0.9ms)[0m   [0;1mdescribe `products`[0m
  [4;35;1mSQL (0.3ms)[0m   [0mSHOW KEYS FROM `products`[0m
  [4;36;1mSQL (0.2ms)[0m   [0;1mSET NAMES 'utf8'[0m
  [4;35;1mSQL (0.1ms)[0m   [0mSET SQL_AUTO_IS_NULL=0[0m


Processing ProductsController#show (for 127.0.1.1 at 2009-11-19 18:16:04) [GET]
  Parameters: {"id"=>"1"}
  [4;36;1mProduct Columns (1.3ms)[0m   [0;1mSHOW FIELDS FROM `products`[0m
  [4;35;1mProduct Load (0.5ms)[0m   [0mSELECT * FROM `products` WHERE (`products`.`id` = 1) [0m
Rendering template within layouts/products
Rendering products/show
Completed in 66ms (View: 50, DB: 2) | 200 OK [http://depot.smallact.com/products/1]
  [4;36;1mSQL (0.1ms)[0m   [0;1mSET NAMES 'utf8'[0m
  [4;35;1mSQL (0.1ms)[0m   [0mSET SQL_AUTO_IS_NULL=0[0m


Processing ProductsController#index (for 127.0.1.1 at 2009-11-19 18:16:10) [GET]
  [4;36;1mProduct Load (0.5ms)[0m   [0;1mSELECT * FROM `products` [0m
Rendering template within layouts/products
Rendering products/index
  [4;35;1mProduct Columns (1.2ms)[0m   [0mSHOW FIELDS FROM `products`[0m
Completed in 39ms (View: 26, DB: 2) | 200 OK [http://depot.smallact.com/products]
  [4;36;1mSQL (0.1ms)[0m   [0;1mSET NAMES 'utf8'[0m
  [4;35;1mSQL (0.1ms)[0m   [0mSET SQL_AUTO_IS_NULL=0[0m


Processing ProductsController#new (for 127.0.1.1 at 2009-11-19 18:16:11) [GET]
  [4;36;1mProduct Columns (1.2ms)[0m   [0;1mSHOW FIELDS FROM `products`[0m
Rendering template within layouts/products
Rendering products/new
Completed in 36ms (View: 24, DB: 1) | 200 OK [http://depot.smallact.com/products/new]
  [4;35;1mSQL (0.1ms)[0m   [0mSET NAMES 'utf8'[0m
  [4;36;1mSQL (0.1ms)[0m   [0;1mSET SQL_AUTO_IS_NULL=0[0m


Processing ProductsController#index (for 127.0.1.1 at 2009-11-19 18:16:13) [GET]
  [4;35;1mProduct Load (0.2ms)[0m   [0mSELECT * FROM `products` [0m
Rendering template within layouts/products
Rendering products/index
  [4;36;1mProduct Columns (1.2ms)[0m   [0;1mSHOW FIELDS FROM `products`[0m
Completed in 26ms (View: 14, DB: 2) | 200 OK [http://depot.smallact.com/products]
  [4;35;1mSQL (0.1ms)[0m   [0mSET NAMES 'utf8'[0m
  [4;36;1mSQL (0.1ms)[0m   [0;1mSET SQL_AUTO_IS_NULL=0[0m


Processing ProductsController#index (for 127.0.1.1 at 2009-11-19 18:18:23) [GET]
  [4;35;1mProduct Load (0.2ms)[0m   [0mSELECT * FROM `products` [0m
Rendering template within layouts/products
Rendering products/index
  [4;36;1mProduct Columns (1.2ms)[0m   [0;1mSHOW FIELDS FROM `products`[0m
Completed in 26ms (View: 14, DB: 2) | 200 OK [http://depot.smallact.com/products]
  [4;35;1mSQL (0.1ms)[0m   [0mSET NAMES 'utf8'[0m
  [4;36;1mSQL (0.1ms)[0m   [0;1mSET SQL_AUTO_IS_NULL=0[0m


Processing ProductsController#show (for 127.0.1.1 at 2009-11-19 18:18:27) [GET]
  Parameters: {"id"=>"1"}
  [4;35;1mProduct Columns (1.2ms)[0m   [0mSHOW FIELDS FROM `products`[0m
  [4;36;1mProduct Load (0.2ms)[0m   [0;1mSELECT * FROM `products` WHERE (`products`.`id` = 1) [0m
Rendering template within layouts/products
Rendering products/show
Completed in 27ms (View: 14, DB: 2) | 200 OK [http://depot.smallact.com/products/1]
  [4;35;1mSQL (0.1ms)[0m   [0mSET NAMES 'utf8'[0m
  [4;36;1mSQL (0.1ms)[0m   [0;1mSET SQL_AUTO_IS_NULL=0[0m


Processing ProductsController#show (for 127.0.1.1 at 2009-11-19 18:18:30) [GET]
  Parameters: {"id"=>"1"}
  [4;35;1mProduct Columns (1.2ms)[0m   [0mSHOW FIELDS FROM `products`[0m
  [4;36;1mProduct Load (0.2ms)[0m   [0;1mSELECT * FROM `products` WHERE (`products`.`id` = 1) [0m
Rendering template within layouts/products
Rendering products/show
Completed in 18ms (View: 5, DB: 2) | 200 OK [http://depot.smallact.com/products/1]
  [4;35;1mSQL (0.1ms)[0m   [0mSET NAMES 'utf8'[0m
  [4;36;1mSQL (0.1ms)[0m   [0;1mSET SQL_AUTO_IS_NULL=0[0m


Processing ProductsController#show (for 127.0.1.1 at 2009-11-19 18:18:43) [GET]
  Parameters: {"id"=>"1"}
  [4;35;1mProduct Columns (1.2ms)[0m   [0mSHOW FIELDS FROM `products`[0m
  [4;36;1mProduct Load (0.1ms)[0m   [0;1mSELECT * FROM `products` WHERE (`products`.`id` = 1) [0m
Rendering template within layouts/products
Rendering products/show
Completed in 25ms (View: 13, DB: 1) | 200 OK [http://depot.smallact.com/products/1]
  [4;35;1mSQL (0.1ms)[0m   [0mSET NAMES 'utf8'[0m
  [4;36;1mSQL (0.1ms)[0m   [0;1mSET SQL_AUTO_IS_NULL=0[0m


Processing ProductsController#show (for 127.0.1.1 at 2009-11-19 18:18:45) [GET]
  Parameters: {"id"=>"1"}
  [4;35;1mProduct Columns (1.8ms)[0m   [0mSHOW FIELDS FROM `products`[0m
  [4;36;1mProduct Load (0.1ms)[0m   [0;1mSELECT * FROM `products` WHERE (`products`.`id` = 1) [0m
Rendering template within layouts/products
Rendering products/show
Completed in 18ms (View: 5, DB: 2) | 200 OK [http://depot.smallact.com/products/1]
  [4;36;1mSQL (0.1ms)[0m   [0;1mSET NAMES 'utf8'[0m
  [4;35;1mSQL (0.1ms)[0m   [0mSET SQL_AUTO_IS_NULL=0[0m


Processing ProductsController#show (for 127.0.1.1 at 2009-11-19 18:27:27) [GET]
  Parameters: {"id"=>"1"}
  [4;36;1mProduct Columns (1.3ms)[0m   [0;1mSHOW FIELDS FROM `products`[0m
  [4;35;1mProduct Load (0.1ms)[0m   [0mSELECT * FROM `products` WHERE (`products`.`id` = 1) [0m
Rendering template within layouts/products
Rendering products/show
Completed in 144ms (View: 130, DB: 2) | 200 OK [http://depot.smallact.com/products/1]
  [4;36;1mSQL (0.1ms)[0m   [0;1mSET NAMES 'utf8'[0m
  [4;35;1mSQL (0.1ms)[0m   [0mSET SQL_AUTO_IS_NULL=0[0m


Processing ProductsController#index (for 127.0.1.1 at 2009-11-19 18:27:28) [GET]
  [4;36;1mProduct Load (0.4ms)[0m   [0;1mSELECT * FROM `products` [0m
Rendering template within layouts/products
Rendering products/index
  [4;35;1mProduct Columns (1.3ms)[0m   [0mSHOW FIELDS FROM `products`[0m
Completed in 35ms (View: 22, DB: 2) | 200 OK [http://depot.smallact.com/products]
  [4;36;1mSQL (0.1ms)[0m   [0;1mSET NAMES 'utf8'[0m
  [4;35;1mSQL (0.1ms)[0m   [0mSET SQL_AUTO_IS_NULL=0[0m


Processing ProductsController#new (for 127.0.1.1 at 2009-11-19 18:27:29) [GET]
  [4;36;1mProduct Columns (1.2ms)[0m   [0;1mSHOW FIELDS FROM `products`[0m
Rendering template within layouts/products
Rendering products/new
Completed in 32ms (View: 20, DB: 1) | 200 OK [http://depot.smallact.com/products/new]
  [4;35;1mSQL (0.1ms)[0m   [0mSET NAMES 'utf8'[0m
  [4;36;1mSQL (2.3ms)[0m   [0;1mSET SQL_AUTO_IS_NULL=0[0m


Processing ProductsController#create (for 127.0.1.1 at 2009-11-19 18:27:31) [POST]
  Parameters: {"commit"=>"Create", "authenticity_token"=>"Vzn1kbiIeFML2vYuTIfbMCwsxcbpYXNOia7PlywT9CY=", "product"=>{"price"=>"0.0", "image_url"=>"", "title"=>"", "description"=>""}}
  [4;35;1mProduct Columns (1.2ms)[0m   [0mSHOW FIELDS FROM `products`[0m
  [4;36;1mSQL (0.1ms)[0m   [0;1mBEGIN[0m
  [4;35;1mSQL (0.1ms)[0m   [0mROLLBACK[0m
Rendering template within layouts/products
Rendering products/new
Completed in 51ms (View: 34, DB: 4) | 200 OK [http://depot.smallact.com/products]
  [4;36;1mSQL (0.1ms)[0m   [0;1mSET NAMES 'utf8'[0m
  [4;35;1mSQL (0.1ms)[0m   [0mSET SQL_AUTO_IS_NULL=0[0m


Processing ProductsController#create (for 127.0.1.1 at 2009-11-19 18:27:53) [POST]
  Parameters: {"commit"=>"Create", "authenticity_token"=>"Vzn1kbiIeFML2vYuTIfbMCwsxcbpYXNOia7PlywT9CY=", "product"=>{"price"=>"0.0", "image_url"=>"images/book2.jpg", "title"=>"book 2", "description"=>"look another test book"}}
  [4;36;1mProduct Columns (1.2ms)[0m   [0;1mSHOW FIELDS FROM `products`[0m
  [4;35;1mSQL (0.1ms)[0m   [0mBEGIN[0m
  [4;36;1mProduct Create (0.3ms)[0m   [0;1mINSERT INTO `products` (`price`, `created_at`, `title`, `image_url`, `updated_at`, `description`) VALUES(0.0, '2009-11-19 23:27:53', 'book 2', 'images/book2.jpg', '2009-11-19 23:27:53', 'look another test book')[0m
  [4;35;1mSQL (44.4ms)[0m   [0mCOMMIT[0m
Redirected to http://depot.smallact.com/products/2
Completed in 66ms (DB: 46) | 302 Found [http://depot.smallact.com/products]
  [4;36;1mSQL (0.1ms)[0m   [0;1mSET NAMES 'utf8'[0m
  [4;35;1mSQL (0.1ms)[0m   [0mSET SQL_AUTO_IS_NULL=0[0m


Processing ProductsController#show (for 127.0.1.1 at 2009-11-19 18:27:53) [GET]
  Parameters: {"id"=>"2"}
  [4;36;1mProduct Columns (1.1ms)[0m   [0;1mSHOW FIELDS FROM `products`[0m
  [4;35;1mProduct Load (0.3ms)[0m   [0mSELECT * FROM `products` WHERE (`products`.`id` = 2) [0m
Rendering template within layouts/products
Rendering products/show
Completed in 18ms (View: 5, DB: 2) | 200 OK [http://depot.smallact.com/products/2]
  [4;36;1mSQL (0.1ms)[0m   [0;1mSET NAMES 'utf8'[0m
  [4;35;1mSQL (0.1ms)[0m   [0mSET SQL_AUTO_IS_NULL=0[0m


Processing ProductsController#index (for 127.0.1.1 at 2009-11-19 18:27:58) [GET]
  [4;36;1mProduct Load (0.4ms)[0m   [0;1mSELECT * FROM `products` [0m
Rendering template within layouts/products
Rendering products/index
  [4;35;1mProduct Columns (1.1ms)[0m   [0mSHOW FIELDS FROM `products`[0m
Completed in 34ms (View: 23, DB: 2) | 200 OK [http://depot.smallact.com/products]
  [4;36;1mSQL (0.1ms)[0m   [0;1mSET NAMES 'utf8'[0m
  [4;35;1mSQL (0.1ms)[0m   [0mSET SQL_AUTO_IS_NULL=0[0m


Processing ProductsController#edit (for 127.0.1.1 at 2009-11-19 18:30:44) [GET]
  Parameters: {"id"=>"2"}
  [4;36;1mSQL (0.5ms)[0m   [0;1mSHOW TABLES[0m
  [4;35;1mProduct Columns (1.0ms)[0m   [0mSHOW FIELDS FROM `products`[0m
  [4;36;1mSQL (0.4ms)[0m   [0;1mSHOW TABLES[0m
  [4;35;1mProduct Columns (1.0ms)[0m   [0mSHOW FIELDS FROM `products`[0m

NoMethodError (undefined method `vlaidate' for #<Class:0xb6b9a760>):
  app/models/product.rb:4
  app/controllers/products_controller.rb:37:in `edit'
  passenger (2.2.5) lib/phusion_passenger/rack/request_handler.rb:95:in `process_request'
  passenger (2.2.5) lib/phusion_passenger/abstract_request_handler.rb:207:in `main_loop'
  passenger (2.2.5) lib/phusion_passenger/railz/application_spawner.rb:378:in `start_request_handler'
  passenger (2.2.5) lib/phusion_passenger/railz/application_spawner.rb:336:in `handle_spawn_application'
  passenger (2.2.5) lib/phusion_passenger/utils.rb:183:in `safe_fork'
  passenger (2.2.5) lib/phusion_passenger/railz/application_spawner.rb:334:in `handle_spawn_application'
  passenger (2.2.5) lib/phusion_passenger/abstract_server.rb:352:in `__send__'
  passenger (2.2.5) lib/phusion_passenger/abstract_server.rb:352:in `main_loop'
  passenger (2.2.5) lib/phusion_passenger/abstract_server.rb:196:in `start_synchronously'
  passenger (2.2.5) lib/phusion_passenger/abstract_server.rb:163:in `start'
  passenger (2.2.5) lib/phusion_passenger/railz/application_spawner.rb:213:in `start'
  passenger (2.2.5) lib/phusion_passenger/spawn_manager.rb:262:in `spawn_rails_application'
  passenger (2.2.5) lib/phusion_passenger/abstract_server_collection.rb:126:in `lookup_or_add'
  passenger (2.2.5) lib/phusion_passenger/spawn_manager.rb:256:in `spawn_rails_application'
  passenger (2.2.5) lib/phusion_passenger/abstract_server_collection.rb:80:in `synchronize'
  passenger (2.2.5) lib/phusion_passenger/abstract_server_collection.rb:79:in `synchronize'
  passenger (2.2.5) lib/phusion_passenger/spawn_manager.rb:255:in `spawn_rails_application'
  passenger (2.2.5) lib/phusion_passenger/spawn_manager.rb:154:in `spawn_application'
  passenger (2.2.5) lib/phusion_passenger/spawn_manager.rb:287:in `handle_spawn_application'
  passenger (2.2.5) lib/phusion_passenger/abstract_server.rb:352:in `__send__'
  passenger (2.2.5) lib/phusion_passenger/abstract_server.rb:352:in `main_loop'
  passenger (2.2.5) lib/phusion_passenger/abstract_server.rb:196:in `start_synchronously'

Rendered rescues/_trace (188.1ms)
Rendered rescues/_request_and_response (2.1ms)
Rendering rescues/layout (internal_server_error)
  [4;36;1mSQL (0.1ms)[0m   [0;1mSET NAMES 'utf8'[0m
  [4;35;1mSQL (0.1ms)[0m   [0mSET SQL_AUTO_IS_NULL=0[0m


Processing ProductsController#edit (for 127.0.1.1 at 2009-11-19 18:31:06) [GET]
  Parameters: {"id"=>"2"}
  [4;36;1mProduct Columns (1.3ms)[0m   [0;1mSHOW FIELDS FROM `products`[0m
  [4;35;1mProduct Load (0.1ms)[0m   [0mSELECT * FROM `products` WHERE (`products`.`id` = 2) [0m
Rendering template within layouts/products
Rendering products/edit
Completed in 163ms (View: 150, DB: 2) | 200 OK [http://depot.smallact.com/products/2/edit]
  [4;36;1mSQL (0.2ms)[0m   [0;1mSET NAMES 'utf8'[0m
  [4;35;1mSQL (0.1ms)[0m   [0mSET SQL_AUTO_IS_NULL=0[0m


Processing ProductsController#update (for 127.0.1.1 at 2009-11-19 18:31:08) [PUT]
  Parameters: {"commit"=>"Update", "authenticity_token"=>"Vzn1kbiIeFML2vYuTIfbMCwsxcbpYXNOia7PlywT9CY=", "id"=>"2", "product"=>{"price"=>"0.00", "image_url"=>"images/book2.jpg", "title"=>"book 2", "description"=>"look another test book"}}
  [4;36;1mProduct Columns (1.6ms)[0m   [0;1mSHOW FIELDS FROM `products`[0m
  [4;35;1mProduct Load (0.3ms)[0m   [0mSELECT * FROM `products` WHERE (`products`.`id` = 2) [0m
  [4;36;1mSQL (0.1ms)[0m   [0;1mBEGIN[0m
  [4;35;1mSQL (0.1ms)[0m   [0mROLLBACK[0m
Rendering template within layouts/products
Rendering products/edit
Completed in 45ms (View: 26, DB: 2) | 200 OK [http://depot.smallact.com/products/2]
  [4;36;1mSQL (0.1ms)[0m   [0;1mSET NAMES 'utf8'[0m
  [4;35;1mSQL (0.1ms)[0m   [0mSET SQL_AUTO_IS_NULL=0[0m


Processing ProductsController#update (for 127.0.1.1 at 2009-11-19 18:31:14) [PUT]
  Parameters: {"commit"=>"Update", "authenticity_token"=>"Vzn1kbiIeFML2vYuTIfbMCwsxcbpYXNOia7PlywT9CY=", "id"=>"2", "product"=>{"price"=>"0.1", "image_url"=>"images/book2.jpg", "title"=>"book 2", "description"=>"look another test book"}}
  [4;36;1mProduct Columns (1.2ms)[0m   [0;1mSHOW FIELDS FROM `products`[0m
  [4;35;1mProduct Load (0.1ms)[0m   [0mSELECT * FROM `products` WHERE (`products`.`id` = 2) [0m
  [4;36;1mSQL (0.1ms)[0m   [0;1mBEGIN[0m
  [4;35;1mProduct Update (0.4ms)[0m   [0mUPDATE `products` SET `updated_at` = '2009-11-19 23:31:14', `price` = 0.1 WHERE `id` = 2[0m
  [4;36;1mSQL (36.2ms)[0m   [0;1mCOMMIT[0m
Redirected to http://depot.smallact.com/products/2
Completed in 57ms (DB: 38) | 302 Found [http://depot.smallact.com/products/2]
  [4;35;1mSQL (0.1ms)[0m   [0mSET NAMES 'utf8'[0m
  [4;36;1mSQL (0.1ms)[0m   [0;1mSET SQL_AUTO_IS_NULL=0[0m


Processing ProductsController#show (for 127.0.1.1 at 2009-11-19 18:31:14) [GET]
  Parameters: {"id"=>"2"}
  [4;35;1mProduct Columns (1.2ms)[0m   [0mSHOW FIELDS FROM `products`[0m
  [4;36;1mProduct Load (0.3ms)[0m   [0;1mSELECT * FROM `products` WHERE (`products`.`id` = 2) [0m
Rendering template within layouts/products
Rendering products/show
Completed in 25ms (View: 12, DB: 2) | 200 OK [http://depot.smallact.com/products/2]
  [4;35;1mSQL (0.2ms)[0m   [0mSET NAMES 'utf8'[0m
  [4;36;1mSQL (0.1ms)[0m   [0;1mSET SQL_AUTO_IS_NULL=0[0m


Processing ProductsController#index (for 127.0.1.1 at 2009-11-19 18:31:17) [GET]
  [4;35;1mProduct Load (0.5ms)[0m   [0mSELECT * FROM `products` [0m
Rendering template within layouts/products
Rendering products/index
  [4;36;1mProduct Columns (1.2ms)[0m   [0;1mSHOW FIELDS FROM `products`[0m
Completed in 47ms (View: 34, DB: 2) | 200 OK [http://depot.smallact.com/products]
  [4;35;1mSQL (0.1ms)[0m   [0mSET NAMES 'utf8'[0m
  [4;36;1mSQL (0.1ms)[0m   [0;1mSET SQL_AUTO_IS_NULL=0[0m


Processing ProductsController#edit (for 127.0.1.1 at 2009-11-19 18:31:19) [GET]
  Parameters: {"id"=>"1"}
  [4;35;1mProduct Columns (1.6ms)[0m   [0mSHOW FIELDS FROM `products`[0m
  [4;36;1mProduct Load (0.4ms)[0m   [0;1mSELECT * FROM `products` WHERE (`products`.`id` = 1) [0m
Rendering template within layouts/products
Rendering products/edit
Completed in 29ms (View: 16, DB: 2) | 200 OK [http://depot.smallact.com/products/1/edit]
  [4;35;1mSQL (0.1ms)[0m   [0mSET NAMES 'utf8'[0m
  [4;36;1mSQL (0.1ms)[0m   [0;1mSET SQL_AUTO_IS_NULL=0[0m


Processing ProductsController#update (for 127.0.1.1 at 2009-11-19 18:31:24) [PUT]
  Parameters: {"commit"=>"Update", "authenticity_token"=>"Vzn1kbiIeFML2vYuTIfbMCwsxcbpYXNOia7PlywT9CY=", "id"=>"1", "product"=>{"price"=>"0.20", "image_url"=>"images/svn.jpg", "title"=>"new product", "description"=>"i have nothing to add but this is a good new product"}}
  [4;35;1mProduct Columns (1.2ms)[0m   [0mSHOW FIELDS FROM `products`[0m
  [4;36;1mProduct Load (0.1ms)[0m   [0;1mSELECT * FROM `products` WHERE (`products`.`id` = 1) [0m
  [4;35;1mSQL (0.1ms)[0m   [0mBEGIN[0m
  [4;36;1mProduct Update (0.3ms)[0m   [0;1mUPDATE `products` SET `updated_at` = '2009-11-19 23:31:24', `price` = 0.2 WHERE `id` = 1[0m
  [4;35;1mSQL (44.8ms)[0m   [0mCOMMIT[0m
Redirected to http://depot.smallact.com/products/1
Completed in 68ms (DB: 47) | 302 Found [http://depot.smallact.com/products/1]
  [4;36;1mSQL (0.1ms)[0m   [0;1mSET NAMES 'utf8'[0m
  [4;35;1mSQL (0.1ms)[0m   [0mSET SQL_AUTO_IS_NULL=0[0m


Processing ProductsController#show (for 127.0.1.1 at 2009-11-19 18:31:24) [GET]
  Parameters: {"id"=>"1"}
  [4;36;1mProduct Columns (1.2ms)[0m   [0;1mSHOW FIELDS FROM `products`[0m
  [4;35;1mProduct Load (0.3ms)[0m   [0mSELECT * FROM `products` WHERE (`products`.`id` = 1) [0m
Rendering template within layouts/products
Rendering products/show
Completed in 19ms (View: 6, DB: 2) | 200 OK [http://depot.smallact.com/products/1]
  [4;36;1mSQL (0.1ms)[0m   [0;1mSET NAMES 'utf8'[0m
  [4;35;1mSQL (0.1ms)[0m   [0mSET SQL_AUTO_IS_NULL=0[0m


Processing ProductsController#index (for 127.0.1.1 at 2009-11-19 18:31:26) [GET]
  [4;36;1mProduct Load (0.5ms)[0m   [0;1mSELECT * FROM `products` [0m
Rendering template within layouts/products
Rendering products/index
  [4;35;1mProduct Columns (1.6ms)[0m   [0mSHOW FIELDS FROM `products`[0m
Completed in 109ms (View: 24, DB: 2) | 200 OK [http://depot.smallact.com/products]
  [4;36;1mSQL (0.1ms)[0m   [0;1mSET NAMES 'utf8'[0m
  [4;35;1mSQL (0.1ms)[0m   [0mSET SQL_AUTO_IS_NULL=0[0m


Processing ProductsController#edit (for 127.0.1.1 at 2009-11-19 18:34:22) [GET]
  Parameters: {"id"=>"2"}
  [4;36;1mProduct Columns (1.2ms)[0m   [0;1mSHOW FIELDS FROM `products`[0m
  [4;35;1mProduct Load (0.4ms)[0m   [0mSELECT * FROM `products` WHERE (`products`.`id` = 2) [0m
Rendering template within layouts/products
Rendering products/edit
Completed in 161ms (View: 147, DB: 2) | 200 OK [http://depot.smallact.com/products/2/edit]
  [4;36;1mSQL (0.1ms)[0m   [0;1mSET NAMES 'utf8'[0m
  [4;35;1mSQL (0.2ms)[0m   [0mSET SQL_AUTO_IS_NULL=0[0m


Processing ProductsController#update (for 127.0.1.1 at 2009-11-19 18:34:28) [PUT]
  Parameters: {"commit"=>"Update", "authenticity_token"=>"Vzn1kbiIeFML2vYuTIfbMCwsxcbpYXNOia7PlywT9CY=", "id"=>"2", "product"=>{"price"=>"0.10", "image_url"=>"images/book2.bmg", "title"=>"book 2", "description"=>"look another test book"}}
  [4;36;1mProduct Columns (1.2ms)[0m   [0;1mSHOW FIELDS FROM `products`[0m
  [4;35;1mProduct Load (0.1ms)[0m   [0mSELECT * FROM `products` WHERE (`products`.`id` = 2) [0m
  [4;36;1mSQL (0.1ms)[0m   [0;1mBEGIN[0m
  [4;35;1mProduct Load (0.5ms)[0m   [0mSELECT `products`.id FROM `products` WHERE (`products`.`title` = BINARY 'book 2' AND `products`.id <> 2) LIMIT 1[0m
  [4;36;1mSQL (0.1ms)[0m   [0;1mROLLBACK[0m
Rendering template within layouts/products
Rendering products/edit
Completed in 44ms (View: 24, DB: 2) | 200 OK [http://depot.smallact.com/products/2]
  [4;35;1mSQL (0.1ms)[0m   [0mSET NAMES 'utf8'[0m
  [4;36;1mSQL (0.1ms)[0m   [0;1mSET SQL_AUTO_IS_NULL=0[0m


Processing ProductsController#index (for 127.0.1.1 at 2009-11-19 18:34:39) [GET]
  [4;35;1mProduct Load (0.2ms)[0m   [0mSELECT * FROM `products` [0m
Rendering template within layouts/products
Rendering products/index
  [4;36;1mProduct Columns (1.3ms)[0m   [0;1mSHOW FIELDS FROM `products`[0m
Completed in 41ms (View: 29, DB: 2) | 200 OK [http://depot.smallact.com/products]
  [4;36;1mSQL (0.1ms)[0m   [0;1mSET NAMES 'utf8'[0m
  [4;35;1mSQL (0.1ms)[0m   [0mSET SQL_AUTO_IS_NULL=0[0m
  [4;36;1mSQL (0.4ms)[0m   [0;1mSHOW TABLES[0m
  [4;35;1mSQL (0.1ms)[0m   [0mSELECT version FROM schema_migrations[0m
Migrating to CreateProducts (20091119225927)
Migrating to AddPriceToProduct (20091119230814)
Migrating to AddTestData (20091119233642)
  [4;36;1mProduct Delete all (75.5ms)[0m   [0;1mDELETE FROM `products` [0m
  [4;35;1mProduct Columns (1.1ms)[0m   [0mSHOW FIELDS FROM `products`[0m
  [4;36;1mSQL (0.1ms)[0m   [0;1mBEGIN[0m
  [4;35;1mProduct Load (0.5ms)[0m   [0mSELECT `products`.id FROM `products` WHERE (`products`.`title` = BINARY 'Pragmatic Project Automation') LIMIT 1[0m
  [4;36;1mProduct Create (0.3ms)[0m   [0;1mINSERT INTO `products` (`price`, `created_at`, `title`, `image_url`, `updated_at`, `description`) VALUES(29.95, '2009-11-19 23:40:19', 'Pragmatic Project Automation', '/images/auto.jpg', '2009-11-19 23:40:19', '<p>\n <em>Pragmatic Project Automation</em> shows you how to improve the \n consistency and repeatability of your project\'s procedures using \n automation to reduce risk and errors.\n </p>\n <p>\n Simply put, we\'re going to put this thing called a computer to work \n for you doing the mundane (but important) project stuff. That means \n you\'ll have more time and energy to do the really \n exciting---and difficult---stuff, like writing quality code.\n </p>')[0m
  [4;35;1mSQL (70.1ms)[0m   [0mCOMMIT[0m
  [4;36;1mSQL (0.1ms)[0m   [0;1mBEGIN[0m
  [4;35;1mProduct Load (0.3ms)[0m   [0mSELECT `products`.id FROM `products` WHERE (`products`.`title` = BINARY 'Pragmatic Version Control') LIMIT 1[0m
  [4;36;1mProduct Create (0.3ms)[0m   [0;1mINSERT INTO `products` (`price`, `created_at`, `title`, `image_url`, `updated_at`, `description`) VALUES(28.5, '2009-11-19 23:40:19', 'Pragmatic Version Control', '/images/svn.jpg', '2009-11-19 23:40:19', '<p>\n This book is a recipe-based approach to using Subversion that will \n get you up and running quickly---and correctly. All projects need\n version control: it\'s a foundational piece of any project\'s \n infrastructure. Yet half of all project teams in the U.S. don\'t use\n any version control at all. Many others don\'t use it well, and end \n up experiencing time-consuming problems.\n </p>')[0m
  [4;35;1mSQL (27.9ms)[0m   [0mCOMMIT[0m
  [4;36;1mSQL (0.1ms)[0m   [0;1mBEGIN[0m
  [4;35;1mProduct Load (0.3ms)[0m   [0mSELECT `products`.id FROM `products` WHERE (`products`.`title` = BINARY 'Pragmatic Unit Testing (C#)') LIMIT 1[0m
  [4;36;1mProduct Create (0.3ms)[0m   [0;1mINSERT INTO `products` (`price`, `created_at`, `title`, `image_url`, `updated_at`, `description`) VALUES(27.75, '2009-11-19 23:40:19', 'Pragmatic Unit Testing (C#)', '/images/utc.jpg', '2009-11-19 23:40:19', '<p>\n Pragmatic programmers use feedback to drive their development and \n personal processes. The most valuable feedback you can get while \n coding comes from unit testing.\n </p>\n <p>\n Without good tests in place, coding can become a frustrating game of \n \"whack-a-mole.\" That\'s the carnival game where the player strikes at a \n mechanical mole; it retreats and another mole pops up on the opposite side \n of the field. The moles pop up and down so fast that you end up flailing \n your mallet helplessly as the moles continue to pop up where you least \n expect them.\n </p>')[0m
  [4;35;1mSQL (28.3ms)[0m   [0mCOMMIT[0m
  [4;36;1mSQL (33.3ms)[0m   [0;1mINSERT INTO schema_migrations (version) VALUES ('20091119233642')[0m
  [4;35;1mSQL (0.4ms)[0m   [0mSHOW TABLES[0m
  [4;36;1mSQL (0.2ms)[0m   [0;1mSELECT version FROM schema_migrations[0m
  [4;35;1mSQL (0.3ms)[0m   [0mSHOW TABLES[0m
  [4;36;1mSQL (1.0ms)[0m   [0;1mSHOW FIELDS FROM `products`[0m
  [4;35;1mSQL (1.0ms)[0m   [0mdescribe `products`[0m
  [4;36;1mSQL (0.3ms)[0m   [0;1mSHOW KEYS FROM `products`[0m
  [4;36;1mSQL (0.1ms)[0m   [0;1mSET NAMES 'utf8'[0m
  [4;35;1mSQL (0.1ms)[0m   [0mSET SQL_AUTO_IS_NULL=0[0m


Processing ProductsController#index (for 127.0.1.1 at 2009-11-19 18:40:34) [GET]
  [4;36;1mProduct Load (0.5ms)[0m   [0;1mSELECT * FROM `products` [0m
Rendering template within layouts/products
Rendering products/index
  [4;35;1mProduct Columns (1.2ms)[0m   [0mSHOW FIELDS FROM `products`[0m
Completed in 88ms (View: 74, DB: 2) | 200 OK [http://depot.smallact.com/products]
  [4;36;1mSQL (0.1ms)[0m   [0;1mSET NAMES 'utf8'[0m
  [4;35;1mSQL (0.1ms)[0m   [0mSET SQL_AUTO_IS_NULL=0[0m


Processing ProductsController#show (for 127.0.1.1 at 2009-11-19 18:40:40) [GET]
  Parameters: {"id"=>"3"}
  [4;36;1mProduct Columns (1.2ms)[0m   [0;1mSHOW FIELDS FROM `products`[0m
  [4;35;1mProduct Load (0.4ms)[0m   [0mSELECT * FROM `products` WHERE (`products`.`id` = 3) [0m
Rendering template within layouts/products
Rendering products/show
Completed in 25ms (View: 12, DB: 2) | 200 OK [http://depot.smallact.com/products/3]
  [4;36;1mSQL (0.1ms)[0m   [0;1mSET NAMES 'utf8'[0m
  [4;35;1mSQL (0.1ms)[0m   [0mSET SQL_AUTO_IS_NULL=0[0m


Processing ProductsController#show (for 127.0.1.1 at 2009-11-19 18:40:47) [GET]
  Parameters: {"id"=>"4"}
  [4;36;1mProduct Columns (1.2ms)[0m   [0;1mSHOW FIELDS FROM `products`[0m
  [4;35;1mProduct Load (0.5ms)[0m   [0mSELECT * FROM `products` WHERE (`products`.`id` = 4) [0m
Rendering template within layouts/products
Rendering products/show
Completed in 20ms (View: 6, DB: 2) | 200 OK [http://depot.smallact.com/products/4]
  [4;36;1mSQL (0.1ms)[0m   [0;1mSET NAMES 'utf8'[0m
  [4;35;1mSQL (0.1ms)[0m   [0mSET SQL_AUTO_IS_NULL=0[0m


Processing ProductsController#index (for 127.0.1.1 at 2009-11-19 18:40:49) [GET]
  [4;36;1mProduct Load (0.2ms)[0m   [0;1mSELECT * FROM `products` [0m
Rendering template within layouts/products
Rendering products/index
  [4;35;1mProduct Columns (1.2ms)[0m   [0mSHOW FIELDS FROM `products`[0m
Completed in 42ms (View: 30, DB: 2) | 200 OK [http://depot.smallact.com/products]
  [4;36;1mSQL (0.1ms)[0m   [0;1mSET NAMES 'utf8'[0m
  [4;35;1mSQL (0.1ms)[0m   [0mSET SQL_AUTO_IS_NULL=0[0m


Processing ProductsController#index (for 127.0.1.1 at 2009-11-19 18:47:42) [GET]
  [4;36;1mProduct Load (0.3ms)[0m   [0;1mSELECT * FROM `products` [0m
Rendering template within layouts/products
Rendering products/index
  [4;35;1mProduct Columns (1.5ms)[0m   [0mSHOW FIELDS FROM `products`[0m
Completed in 50ms (View: 38, DB: 2) | 200 OK [http://depot.smallact.com/products]
  [4;36;1mSQL (0.1ms)[0m   [0;1mSET NAMES 'utf8'[0m
  [4;35;1mSQL (0.1ms)[0m   [0mSET SQL_AUTO_IS_NULL=0[0m


Processing ProductsController#index (for 127.0.1.1 at 2009-11-19 18:47:45) [GET]
  [4;36;1mProduct Load (0.3ms)[0m   [0;1mSELECT * FROM `products` [0m
Rendering template within layouts/products
Rendering products/index
  [4;35;1mProduct Columns (1.4ms)[0m   [0mSHOW FIELDS FROM `products`[0m
Completed in 114ms (View: 33, DB: 2) | 200 OK [http://depot.smallact.com/products]
  [4;36;1mSQL (0.1ms)[0m   [0;1mSET NAMES 'utf8'[0m
  [4;35;1mSQL (0.1ms)[0m   [0mSET SQL_AUTO_IS_NULL=0[0m


Processing ProductsController#index (for 127.0.1.1 at 2009-11-19 18:52:40) [GET]
  [4;36;1mProduct Load (0.2ms)[0m   [0;1mSELECT * FROM `products` [0m
Rendering template within layouts/products
Rendering products/index
  [4;35;1mProduct Columns (1.2ms)[0m   [0mSHOW FIELDS FROM `products`[0m
Completed in 49ms (View: 37, DB: 2) | 200 OK [http://depot.smallact.com/products]
  [4;36;1mSQL (0.1ms)[0m   [0;1mSET NAMES 'utf8'[0m
  [4;35;1mSQL (0.1ms)[0m   [0mSET SQL_AUTO_IS_NULL=0[0m


Processing ProductsController#index (for 127.0.1.1 at 2009-11-19 18:53:20) [GET]
  [4;36;1mProduct Load (0.2ms)[0m   [0;1mSELECT * FROM `products` [0m
Rendering template within layouts/products
Rendering products/index
  [4;35;1mProduct Columns (1.2ms)[0m   [0mSHOW FIELDS FROM `products`[0m
Completed in 50ms (View: 39, DB: 2) | 200 OK [http://depot.smallact.com/products]
  [4;36;1mSQL (0.1ms)[0m   [0;1mSET NAMES 'utf8'[0m
  [4;35;1mSQL (0.1ms)[0m   [0mSET SQL_AUTO_IS_NULL=0[0m


Processing ProductsController#show (for 127.0.1.1 at 2009-11-19 18:53:23) [GET]
  Parameters: {"id"=>"3"}
  [4;36;1mProduct Columns (1.4ms)[0m   [0;1mSHOW FIELDS FROM `products`[0m
  [4;35;1mProduct Load (0.1ms)[0m   [0mSELECT * FROM `products` WHERE (`products`.`id` = 3) [0m
Rendering template within layouts/products
Rendering products/show
Completed in 19ms (View: 6, DB: 2) | 200 OK [http://depot.smallact.com/products/3]
  [4;36;1mSQL (0.1ms)[0m   [0;1mSET NAMES 'utf8'[0m
  [4;35;1mSQL (0.1ms)[0m   [0mSET SQL_AUTO_IS_NULL=0[0m


Processing ProductsController#index (for 127.0.1.1 at 2009-11-19 18:58:19) [GET]
  [4;36;1mProduct Load (0.2ms)[0m   [0;1mSELECT * FROM `products` [0m
Rendering template within layouts/products
Rendering products/index
  [4;35;1mProduct Columns (1.2ms)[0m   [0mSHOW FIELDS FROM `products`[0m
Completed in 53ms (View: 42, DB: 2) | 200 OK [http://depot.smallact.com/products]
  [4;36;1mSQL (0.1ms)[0m   [0;1mSET NAMES 'utf8'[0m
  [4;35;1mSQL (0.1ms)[0m   [0mSET SQL_AUTO_IS_NULL=0[0m


Processing ProductsController#show (for 127.0.1.1 at 2009-11-19 18:58:24) [GET]
  Parameters: {"id"=>"3"}
  [4;36;1mProduct Columns (1.4ms)[0m   [0;1mSHOW FIELDS FROM `products`[0m
  [4;35;1mProduct Load (0.1ms)[0m   [0mSELECT * FROM `products` WHERE (`products`.`id` = 3) [0m
Rendering template within layouts/products
Rendering products/show
Completed in 82ms (View: 6, DB: 2) | 200 OK [http://depot.smallact.com/products/3]
  [4;36;1mSQL (0.1ms)[0m   [0;1mSET NAMES 'utf8'[0m
  [4;35;1mSQL (0.1ms)[0m   [0mSET SQL_AUTO_IS_NULL=0[0m


Processing ProductsController#show (for 127.0.1.1 at 2009-11-19 18:58:26) [GET]
  Parameters: {"id"=>"3"}
  [4;36;1mProduct Columns (1.5ms)[0m   [0;1mSHOW FIELDS FROM `products`[0m
  [4;35;1mProduct Load (0.1ms)[0m   [0mSELECT * FROM `products` WHERE (`products`.`id` = 3) [0m
Rendering template within layouts/products
Rendering products/show
Completed in 19ms (View: 6, DB: 2) | 200 OK [http://depot.smallact.com/products/3]
  [4;36;1mSQL (0.1ms)[0m   [0;1mSET NAMES 'utf8'[0m
  [4;35;1mSQL (0.1ms)[0m   [0mSET SQL_AUTO_IS_NULL=0[0m


Processing ProductsController#show (for 127.0.1.1 at 2009-11-19 18:58:29) [GET]
  Parameters: {"id"=>"3"}
  [4;36;1mProduct Columns (1.2ms)[0m   [0;1mSHOW FIELDS FROM `products`[0m
  [4;35;1mProduct Load (0.1ms)[0m   [0mSELECT * FROM `products` WHERE (`products`.`id` = 3) [0m
Rendering template within layouts/products
Rendering products/show
Completed in 19ms (View: 6, DB: 2) | 200 OK [http://depot.smallact.com/products/3]
  [4;36;1mSQL (0.1ms)[0m   [0;1mSET NAMES 'utf8'[0m
  [4;35;1mSQL (0.1ms)[0m   [0mSET SQL_AUTO_IS_NULL=0[0m


Processing ProductsController#index (for 127.0.1.1 at 2009-11-19 18:58:31) [GET]
  [4;36;1mProduct Load (0.2ms)[0m   [0;1mSELECT * FROM `products` [0m
Rendering template within layouts/products
Rendering products/index
  [4;35;1mProduct Columns (1.2ms)[0m   [0mSHOW FIELDS FROM `products`[0m
Completed in 49ms (View: 37, DB: 2) | 200 OK [http://depot.smallact.com/products]
  [4;36;1mSQL (0.1ms)[0m   [0;1mSET NAMES 'utf8'[0m
  [4;35;1mSQL (0.1ms)[0m   [0mSET SQL_AUTO_IS_NULL=0[0m


Processing ProductsController#index (for 127.0.1.1 at 2009-11-19 18:58:35) [GET]
  [4;36;1mProduct Load (0.2ms)[0m   [0;1mSELECT * FROM `products` [0m
Rendering template within layouts/products
Rendering products/index
  [4;35;1mProduct Columns (1.2ms)[0m   [0mSHOW FIELDS FROM `products`[0m
Completed in 47ms (View: 34, DB: 2) | 200 OK [http://depot.smallact.com/products]
  [4;36;1mSQL (0.1ms)[0m   [0;1mSET NAMES 'utf8'[0m
  [4;35;1mSQL (0.1ms)[0m   [0mSET SQL_AUTO_IS_NULL=0[0m


Processing ProductsController#index (for 127.0.1.1 at 2009-11-20 11:23:04) [GET]
  [4;36;1mProduct Load (0.2ms)[0m   [0;1mSELECT * FROM `products` [0m
Rendering template within layouts/products
Rendering products/index
  [4;35;1mProduct Columns (1.2ms)[0m   [0mSHOW FIELDS FROM `products`[0m
Completed in 87ms (View: 75, DB: 2) | 200 OK [http://depot.smallact.com/products]
  [4;36;1mSQL (0.1ms)[0m   [0;1mSET NAMES 'utf8'[0m
  [4;35;1mSQL (0.1ms)[0m   [0mSET SQL_AUTO_IS_NULL=0[0m


Processing ProductsController#index (for 127.0.1.1 at 2009-11-20 11:35:15) [GET]
  [4;36;1mProduct Load (0.2ms)[0m   [0;1mSELECT * FROM `products` [0m
Rendering template within layouts/products
Rendering products/index
  [4;35;1mProduct Columns (1.3ms)[0m   [0mSHOW FIELDS FROM `products`[0m
Completed in 89ms (View: 76, DB: 2) | 200 OK [http://depot.smallact.com/products]
  [4;36;1mSQL (0.1ms)[0m   [0;1mSET NAMES 'utf8'[0m
  [4;35;1mSQL (0.1ms)[0m   [0mSET SQL_AUTO_IS_NULL=0[0m


Processing ProductsController#new (for 127.0.1.1 at 2009-11-20 11:35:30) [GET]
  [4;36;1mProduct Columns (1.3ms)[0m   [0;1mSHOW FIELDS FROM `products`[0m
Rendering template within layouts/products
Rendering products/new
Completed in 32ms (View: 20, DB: 1) | 200 OK [http://depot.smallact.com/products/new]
  [4;35;1mSQL (0.1ms)[0m   [0mSET NAMES 'utf8'[0m
  [4;36;1mSQL (0.1ms)[0m   [0;1mSET SQL_AUTO_IS_NULL=0[0m


Processing ProductsController#create (for 127.0.1.1 at 2009-11-20 11:35:49) [POST]
  Parameters: {"commit"=>"Create", "authenticity_token"=>"Vzn1kbiIeFML2vYuTIfbMCwsxcbpYXNOia7PlywT9CY=", "product"=>{"price"=>"3.2", "image_url"=>"images/book2.jpg", "title"=>"sfease", "description"=>"asdfasefasefawe"}}
  [4;35;1mProduct Columns (1.2ms)[0m   [0mSHOW FIELDS FROM `products`[0m
  [4;36;1mSQL (0.1ms)[0m   [0;1mBEGIN[0m
  [4;35;1mProduct Load (0.4ms)[0m   [0mSELECT `products`.id FROM `products` WHERE (`products`.`title` = BINARY 'sfease') LIMIT 1[0m
  [4;36;1mProduct Create (0.2ms)[0m   [0;1mINSERT INTO `products` (`price`, `created_at`, `title`, `image_url`, `updated_at`, `description`) VALUES(3.2, '2009-11-20 16:35:49', 'sfease', 'images/book2.jpg', '2009-11-20 16:35:49', 'asdfasefasefawe')[0m
  [4;35;1mSQL (44.5ms)[0m   [0mCOMMIT[0m
Redirected to http://depot.smallact.com/products/6
Completed in 66ms (DB: 47) | 302 Found [http://depot.smallact.com/products]
  [4;36;1mSQL (0.1ms)[0m   [0;1mSET NAMES 'utf8'[0m
  [4;35;1mSQL (0.1ms)[0m   [0mSET SQL_AUTO_IS_NULL=0[0m


Processing ProductsController#show (for 127.0.1.1 at 2009-11-20 11:35:49) [GET]
  Parameters: {"id"=>"6"}
  [4;36;1mProduct Columns (1.2ms)[0m   [0;1mSHOW FIELDS FROM `products`[0m
  [4;35;1mProduct Load (0.5ms)[0m   [0mSELECT * FROM `products` WHERE (`products`.`id` = 6) [0m
Rendering template within layouts/products
Rendering products/show
Completed in 27ms (View: 12, DB: 2) | 200 OK [http://depot.smallact.com/products/6]
  [4;36;1mSQL (0.1ms)[0m   [0;1mSET NAMES 'utf8'[0m
  [4;35;1mSQL (0.1ms)[0m   [0mSET SQL_AUTO_IS_NULL=0[0m


Processing ProductsController#index (for 127.0.1.1 at 2009-11-20 11:35:53) [GET]
  [4;36;1mProduct Load (0.7ms)[0m   [0;1mSELECT * FROM `products` [0m
Rendering template within layouts/products
Rendering products/index
  [4;35;1mProduct Columns (1.1ms)[0m   [0mSHOW FIELDS FROM `products`[0m
Completed in 55ms (View: 42, DB: 2) | 200 OK [http://depot.smallact.com/products]
  [4;36;1mSQL (0.1ms)[0m   [0;1mSET NAMES 'utf8'[0m
  [4;35;1mSQL (0.1ms)[0m   [0mSET SQL_AUTO_IS_NULL=0[0m


Processing ApplicationController#index (for 127.0.1.1 at 2009-11-20 11:35:53) [GET]

ActionController::RoutingError (No route matches "/images/images/book2.jpg" with {:method=>:get}):
  passenger (2.2.5) lib/phusion_passenger/rack/request_handler.rb:95:in `process_request'
  passenger (2.2.5) lib/phusion_passenger/abstract_request_handler.rb:207:in `main_loop'
  passenger (2.2.5) lib/phusion_passenger/railz/application_spawner.rb:378:in `start_request_handler'
  passenger (2.2.5) lib/phusion_passenger/railz/application_spawner.rb:336:in `handle_spawn_application'
  passenger (2.2.5) lib/phusion_passenger/utils.rb:183:in `safe_fork'
  passenger (2.2.5) lib/phusion_passenger/railz/application_spawner.rb:334:in `handle_spawn_application'
  passenger (2.2.5) lib/phusion_passenger/abstract_server.rb:352:in `__send__'
  passenger (2.2.5) lib/phusion_passenger/abstract_server.rb:352:in `main_loop'
  passenger (2.2.5) lib/phusion_passenger/abstract_server.rb:196:in `start_synchronously'
  passenger (2.2.5) lib/phusion_passenger/abstract_server.rb:163:in `start'
  passenger (2.2.5) lib/phusion_passenger/railz/application_spawner.rb:213:in `start'
  passenger (2.2.5) lib/phusion_passenger/spawn_manager.rb:262:in `spawn_rails_application'
  passenger (2.2.5) lib/phusion_passenger/abstract_server_collection.rb:126:in `lookup_or_add'
  passenger (2.2.5) lib/phusion_passenger/spawn_manager.rb:256:in `spawn_rails_application'
  passenger (2.2.5) lib/phusion_passenger/abstract_server_collection.rb:80:in `synchronize'
  passenger (2.2.5) lib/phusion_passenger/abstract_server_collection.rb:79:in `synchronize'
  passenger (2.2.5) lib/phusion_passenger/spawn_manager.rb:255:in `spawn_rails_application'
  passenger (2.2.5) lib/phusion_passenger/spawn_manager.rb:154:in `spawn_application'
  passenger (2.2.5) lib/phusion_passenger/spawn_manager.rb:287:in `handle_spawn_application'
  passenger (2.2.5) lib/phusion_passenger/abstract_server.rb:352:in `__send__'
  passenger (2.2.5) lib/phusion_passenger/abstract_server.rb:352:in `main_loop'
  passenger (2.2.5) lib/phusion_passenger/abstract_server.rb:196:in `start_synchronously'

Rendering rescues/layout (not_found)
  [4;36;1mSQL (0.1ms)[0m   [0;1mSET NAMES 'utf8'[0m
  [4;35;1mSQL (0.1ms)[0m   [0mSET SQL_AUTO_IS_NULL=0[0m


Processing ProductsController#destroy (for 127.0.1.1 at 2009-11-20 11:35:56) [DELETE]
  Parameters: {"authenticity_token"=>"Vzn1kbiIeFML2vYuTIfbMCwsxcbpYXNOia7PlywT9CY=", "id"=>"6"}
  [4;36;1mProduct Columns (1.3ms)[0m   [0;1mSHOW FIELDS FROM `products`[0m
  [4;35;1mProduct Load (0.1ms)[0m   [0mSELECT * FROM `products` WHERE (`products`.`id` = 6) [0m
  [4;36;1mSQL (0.1ms)[0m   [0;1mBEGIN[0m
  [4;35;1mProduct Destroy (0.4ms)[0m   [0mDELETE FROM `products` WHERE `id` = 6[0m
  [4;36;1mSQL (49.3ms)[0m   [0;1mCOMMIT[0m
Redirected to http://depot.smallact.com/products
Completed in 65ms (DB: 51) | 302 Found [http://depot.smallact.com/products/6]
  [4;35;1mSQL (0.1ms)[0m   [0mSET NAMES 'utf8'[0m
  [4;36;1mSQL (0.1ms)[0m   [0;1mSET SQL_AUTO_IS_NULL=0[0m


Processing ProductsController#index (for 127.0.1.1 at 2009-11-20 11:35:56) [GET]
  [4;35;1mProduct Load (0.5ms)[0m   [0mSELECT * FROM `products` [0m
Rendering template within layouts/products
Rendering products/index
  [4;36;1mProduct Columns (1.4ms)[0m   [0;1mSHOW FIELDS FROM `products`[0m
Completed in 61ms (View: 48, DB: 2) | 200 OK [http://depot.smallact.com/products]
  [4;36;1mSQL (3.6ms)[0m   [0;1mSET NAMES 'utf8'[0m
  [4;36;1mSQL (0.2ms)[0m   [0;1mSET NAMES 'utf8'[0m
  [4;35;1mSQL (0.1ms)[0m   [0mSET SQL_AUTO_IS_NULL=0[0m
  [4;35;1mSQL (0.1ms)[0m   [0mSET SQL_AUTO_IS_NULL=0[0m


Processing ProductsController#index (for 127.0.1.1 at 2009-11-20 11:37:36) [GET]


Processing ProductsController#new (for 127.0.1.1 at 2009-11-20 11:37:36) [GET]
  [4;36;1mSQL (0.6ms)[0m   [0;1mSHOW TABLES[0m
  [4;36;1mSQL (0.6ms)[0m   [0;1mSHOW TABLES[0m
  [4;35;1mProduct Columns (1.7ms)[0m   [0mSHOW FIELDS FROM `products`[0m
  [4;35;1mProduct Columns (1.6ms)[0m   [0mSHOW FIELDS FROM `products`[0m
  [4;36;1mSQL (0.5ms)[0m   [0;1mSHOW TABLES[0m
  [4;36;1mSQL (0.5ms)[0m   [0;1mSHOW TABLES[0m
  [4;35;1mProduct Columns (1.5ms)[0m   [0mSHOW FIELDS FROM `products`[0m
  [4;35;1mProduct Columns (1.7ms)[0m   [0mSHOW FIELDS FROM `products`[0m

NoMethodError (undefined method `validates_lenght_of' for #<Class:0xb6a85de8>):
  app/models/product.rb:6
  app/controllers/products_controller.rb:27:in `new'
  passenger (2.2.5) lib/phusion_passenger/rack/request_handler.rb:95:in `process_request'
  passenger (2.2.5) lib/phusion_passenger/abstract_request_handler.rb:207:in `main_loop'
  passenger (2.2.5) lib/phusion_passenger/railz/application_spawner.rb:378:in `start_request_handler'
  passenger (2.2.5) lib/phusion_passenger/railz/application_spawner.rb:336:in `handle_spawn_application'
  passenger (2.2.5) lib/phusion_passenger/utils.rb:183:in `safe_fork'
  passenger (2.2.5) lib/phusion_passenger/railz/application_spawner.rb:334:in `handle_spawn_application'
  passenger (2.2.5) lib/phusion_passenger/abstract_server.rb:352:in `__send__'
  passenger (2.2.5) lib/phusion_passenger/abstract_server.rb:352:in `main_loop'
  passenger (2.2.5) lib/phusion_passenger/abstract_server.rb:196:in `start_synchronously'
  passenger (2.2.5) lib/phusion_passenger/abstract_server.rb:163:in `start'
  passenger (2.2.5) lib/phusion_passenger/railz/application_spawner.rb:213:in `start'
  passenger (2.2.5) lib/phusion_passenger/spawn_manager.rb:262:in `spawn_rails_application'
  passenger (2.2.5) lib/phusion_passenger/abstract_server_collection.rb:126:in `lookup_or_add'
  passenger (2.2.5) lib/phusion_passenger/spawn_manager.rb:256:in `spawn_rails_application'
  passenger (2.2.5) lib/phusion_passenger/abstract_server_collection.rb:80:in `synchronize'
  passenger (2.2.5) lib/phusion_passenger/abstract_server_collection.rb:79:in `synchronize'
  passenger (2.2.5) lib/phusion_passenger/spawn_manager.rb:255:in `spawn_rails_application'
  passenger (2.2.5) lib/phusion_passenger/spawn_manager.rb:154:in `spawn_application'
  passenger (2.2.5) lib/phusion_passenger/spawn_manager.rb:287:in `handle_spawn_application'
  passenger (2.2.5) lib/phusion_passenger/abstract_server.rb:352:in `__send__'
  passenger (2.2.5) lib/phusion_passenger/abstract_server.rb:352:in `main_loop'
  passenger (2.2.5) lib/phusion_passenger/abstract_server.rb:196:in `start_synchronously'


NoMethodError (undefined method `validates_lenght_of' for #<Class:0xb6a8607c>):
  app/models/product.rb:6
  app/controllers/products_controller.rb:5:in `index'
  passenger (2.2.5) lib/phusion_passenger/rack/request_handler.rb:95:in `process_request'
  passenger (2.2.5) lib/phusion_passenger/abstract_request_handler.rb:207:in `main_loop'
  passenger (2.2.5) lib/phusion_passenger/railz/application_spawner.rb:378:in `start_request_handler'
  passenger (2.2.5) lib/phusion_passenger/railz/application_spawner.rb:336:in `handle_spawn_application'
  passenger (2.2.5) lib/phusion_passenger/utils.rb:183:in `safe_fork'
  passenger (2.2.5) lib/phusion_passenger/railz/application_spawner.rb:334:in `handle_spawn_application'
  passenger (2.2.5) lib/phusion_passenger/abstract_server.rb:352:in `__send__'
  passenger (2.2.5) lib/phusion_passenger/abstract_server.rb:352:in `main_loop'
  passenger (2.2.5) lib/phusion_passenger/abstract_server.rb:196:in `start_synchronously'
  passenger (2.2.5) lib/phusion_passenger/abstract_server.rb:163:in `start'
  passenger (2.2.5) lib/phusion_passenger/railz/application_spawner.rb:213:in `start'
  passenger (2.2.5) lib/phusion_passenger/spawn_manager.rb:262:in `spawn_rails_application'
  passenger (2.2.5) lib/phusion_passenger/abstract_server_collection.rb:126:in `lookup_or_add'
  passenger (2.2.5) lib/phusion_passenger/spawn_manager.rb:256:in `spawn_rails_application'
  passenger (2.2.5) lib/phusion_passenger/abstract_server_collection.rb:80:in `synchronize'
  passenger (2.2.5) lib/phusion_passenger/abstract_server_collection.rb:79:in `synchronize'
  passenger (2.2.5) lib/phusion_passenger/spawn_manager.rb:255:in `spawn_rails_application'
  passenger (2.2.5) lib/phusion_passenger/spawn_manager.rb:154:in `spawn_application'
  passenger (2.2.5) lib/phusion_passenger/spawn_manager.rb:287:in `handle_spawn_application'
  passenger (2.2.5) lib/phusion_passenger/abstract_server.rb:352:in `__send__'
  passenger (2.2.5) lib/phusion_passenger/abstract_server.rb:352:in `main_loop'
  passenger (2.2.5) lib/phusion_passenger/abstract_server.rb:196:in `start_synchronously'

Rendered rescues/_trace (95.6ms)
Rendered rescues/_request_and_response (2.1ms)
Rendering rescues/layout (internal_server_error)
Rendered rescues/_trace (104.1ms)
Rendered rescues/_request_and_response (3.3ms)
Rendering rescues/layout (internal_server_error)
  [4;36;1mSQL (0.1ms)[0m   [0;1mSET NAMES 'utf8'[0m
  [4;35;1mSQL (0.1ms)[0m   [0mSET SQL_AUTO_IS_NULL=0[0m


Processing ProductsController#new (for 127.0.1.1 at 2009-11-20 11:37:40) [GET]
  [4;36;1mSQL (0.4ms)[0m   [0;1mSHOW TABLES[0m
  [4;35;1mProduct Columns (1.0ms)[0m   [0mSHOW FIELDS FROM `products`[0m
  [4;36;1mSQL (0.4ms)[0m   [0;1mSHOW TABLES[0m
  [4;35;1mProduct Columns (1.1ms)[0m   [0mSHOW FIELDS FROM `products`[0m

NoMethodError (undefined method `validates_lenght_of' for #<Class:0xb67d0ef4>):
  app/models/product.rb:6
  app/controllers/products_controller.rb:27:in `new'
  passenger (2.2.5) lib/phusion_passenger/rack/request_handler.rb:95:in `process_request'
  passenger (2.2.5) lib/phusion_passenger/abstract_request_handler.rb:207:in `main_loop'
  passenger (2.2.5) lib/phusion_passenger/railz/application_spawner.rb:378:in `start_request_handler'
  passenger (2.2.5) lib/phusion_passenger/railz/application_spawner.rb:336:in `handle_spawn_application'
  passenger (2.2.5) lib/phusion_passenger/utils.rb:183:in `safe_fork'
  passenger (2.2.5) lib/phusion_passenger/railz/application_spawner.rb:334:in `handle_spawn_application'
  passenger (2.2.5) lib/phusion_passenger/abstract_server.rb:352:in `__send__'
  passenger (2.2.5) lib/phusion_passenger/abstract_server.rb:352:in `main_loop'
  passenger (2.2.5) lib/phusion_passenger/abstract_server.rb:196:in `start_synchronously'
  passenger (2.2.5) lib/phusion_passenger/abstract_server.rb:163:in `start'
  passenger (2.2.5) lib/phusion_passenger/railz/application_spawner.rb:213:in `start'
  passenger (2.2.5) lib/phusion_passenger/spawn_manager.rb:262:in `spawn_rails_application'
  passenger (2.2.5) lib/phusion_passenger/abstract_server_collection.rb:126:in `lookup_or_add'
  passenger (2.2.5) lib/phusion_passenger/spawn_manager.rb:256:in `spawn_rails_application'
  passenger (2.2.5) lib/phusion_passenger/abstract_server_collection.rb:80:in `synchronize'
  passenger (2.2.5) lib/phusion_passenger/abstract_server_collection.rb:79:in `synchronize'
  passenger (2.2.5) lib/phusion_passenger/spawn_manager.rb:255:in `spawn_rails_application'
  passenger (2.2.5) lib/phusion_passenger/spawn_manager.rb:154:in `spawn_application'
  passenger (2.2.5) lib/phusion_passenger/spawn_manager.rb:287:in `handle_spawn_application'
  passenger (2.2.5) lib/phusion_passenger/abstract_server.rb:352:in `__send__'
  passenger (2.2.5) lib/phusion_passenger/abstract_server.rb:352:in `main_loop'
  passenger (2.2.5) lib/phusion_passenger/abstract_server.rb:196:in `start_synchronously'

Rendered rescues/_trace (91.0ms)
Rendered rescues/_request_and_response (0.5ms)
Rendering rescues/layout (internal_server_error)
  [4;36;1mSQL (0.1ms)[0m   [0;1mSET NAMES 'utf8'[0m
  [4;35;1mSQL (0.1ms)[0m   [0mSET SQL_AUTO_IS_NULL=0[0m


Processing ProductsController#index (for 127.0.1.1 at 2009-11-20 11:39:58) [GET]
  [4;36;1mSQL (0.5ms)[0m   [0;1mSHOW TABLES[0m
  [4;35;1mProduct Columns (1.1ms)[0m   [0mSHOW FIELDS FROM `products`[0m
  [4;36;1mSQL (0.4ms)[0m   [0;1mSHOW TABLES[0m
  [4;35;1mProduct Columns (1.0ms)[0m   [0mSHOW FIELDS FROM `products`[0m

NoMethodError (undefined method `validates_lenght_of' for #<Class:0xb6a86270>):
  app/models/product.rb:6
  app/controllers/products_controller.rb:5:in `index'
  passenger (2.2.5) lib/phusion_passenger/rack/request_handler.rb:95:in `process_request'
  passenger (2.2.5) lib/phusion_passenger/abstract_request_handler.rb:207:in `main_loop'
  passenger (2.2.5) lib/phusion_passenger/railz/application_spawner.rb:378:in `start_request_handler'
  passenger (2.2.5) lib/phusion_passenger/railz/application_spawner.rb:336:in `handle_spawn_application'
  passenger (2.2.5) lib/phusion_passenger/utils.rb:183:in `safe_fork'
  passenger (2.2.5) lib/phusion_passenger/railz/application_spawner.rb:334:in `handle_spawn_application'
  passenger (2.2.5) lib/phusion_passenger/abstract_server.rb:352:in `__send__'
  passenger (2.2.5) lib/phusion_passenger/abstract_server.rb:352:in `main_loop'
  passenger (2.2.5) lib/phusion_passenger/abstract_server.rb:196:in `start_synchronously'
  passenger (2.2.5) lib/phusion_passenger/abstract_server.rb:163:in `start'
  passenger (2.2.5) lib/phusion_passenger/railz/application_spawner.rb:213:in `start'
  passenger (2.2.5) lib/phusion_passenger/spawn_manager.rb:262:in `spawn_rails_application'
  passenger (2.2.5) lib/phusion_passenger/abstract_server_collection.rb:126:in `lookup_or_add'
  passenger (2.2.5) lib/phusion_passenger/spawn_manager.rb:256:in `spawn_rails_application'
  passenger (2.2.5) lib/phusion_passenger/abstract_server_collection.rb:80:in `synchronize'
  passenger (2.2.5) lib/phusion_passenger/abstract_server_collection.rb:79:in `synchronize'
  passenger (2.2.5) lib/phusion_passenger/spawn_manager.rb:255:in `spawn_rails_application'
  passenger (2.2.5) lib/phusion_passenger/spawn_manager.rb:154:in `spawn_application'
  passenger (2.2.5) lib/phusion_passenger/spawn_manager.rb:287:in `handle_spawn_application'
  passenger (2.2.5) lib/phusion_passenger/abstract_server.rb:352:in `__send__'
  passenger (2.2.5) lib/phusion_passenger/abstract_server.rb:352:in `main_loop'
  passenger (2.2.5) lib/phusion_passenger/abstract_server.rb:196:in `start_synchronously'

Rendered rescues/_trace (95.6ms)
Rendered rescues/_request_and_response (2.1ms)
Rendering rescues/layout (internal_server_error)
  [4;36;1mSQL (0.1ms)[0m   [0;1mSET NAMES 'utf8'[0m
  [4;35;1mSQL (0.1ms)[0m   [0mSET SQL_AUTO_IS_NULL=0[0m


Processing ProductsController#index (for 127.0.1.1 at 2009-11-20 11:42:04) [GET]
  [4;36;1mProduct Load (0.2ms)[0m   [0;1mSELECT * FROM `products` [0m
Rendering template within layouts/products
Rendering products/index
  [4;35;1mProduct Columns (1.2ms)[0m   [0mSHOW FIELDS FROM `products`[0m
Completed in 92ms (View: 79, DB: 2) | 200 OK [http://depot.smallact.com/products]
  [4;36;1mSQL (0.1ms)[0m   [0;1mSET NAMES 'utf8'[0m
  [4;35;1mSQL (0.1ms)[0m   [0mSET SQL_AUTO_IS_NULL=0[0m


Processing ProductsController#new (for 127.0.1.1 at 2009-11-20 11:42:06) [GET]
  [4;36;1mProduct Columns (1.2ms)[0m   [0;1mSHOW FIELDS FROM `products`[0m
Rendering template within layouts/products
Rendering products/new
Completed in 33ms (View: 21, DB: 1) | 200 OK [http://depot.smallact.com/products/new]
  [4;35;1mSQL (0.1ms)[0m   [0mSET NAMES 'utf8'[0m
  [4;36;1mSQL (0.1ms)[0m   [0;1mSET SQL_AUTO_IS_NULL=0[0m


Processing ProductsController#create (for 127.0.1.1 at 2009-11-20 11:42:14) [POST]
  Parameters: {"commit"=>"Create", "authenticity_token"=>"Vzn1kbiIeFML2vYuTIfbMCwsxcbpYXNOia7PlywT9CY=", "product"=>{"price"=>"32.0", "image_url"=>"images/book2.bmg", "title"=>"sdf", "description"=>"q3ewtgfawefaw3ef"}}
  [4;35;1mProduct Columns (1.2ms)[0m   [0mSHOW FIELDS FROM `products`[0m
  [4;36;1mSQL (0.1ms)[0m   [0;1mBEGIN[0m
  [4;35;1mProduct Load (0.4ms)[0m   [0mSELECT `products`.id FROM `products` WHERE (`products`.`title` = BINARY 'sdf') LIMIT 1[0m
  [4;36;1mSQL (0.1ms)[0m   [0;1mROLLBACK[0m
Rendering template within layouts/products
Rendering products/new
Completed in 53ms (View: 33, DB: 2) | 200 OK [http://depot.smallact.com/products]
  [4;35;1mSQL (0.1ms)[0m   [0mSET NAMES 'utf8'[0m
  [4;36;1mSQL (0.1ms)[0m   [0;1mSET SQL_AUTO_IS_NULL=0[0m


Processing ProductsController#index (for 127.0.1.1 at 2009-11-20 11:42:21) [GET]
  [4;35;1mProduct Load (0.2ms)[0m   [0mSELECT * FROM `products` [0m
Rendering template within layouts/products
Rendering products/index
  [4;36;1mProduct Columns (1.2ms)[0m   [0;1mSHOW FIELDS FROM `products`[0m
Completed in 45ms (View: 33, DB: 2) | 200 OK [http://depot.smallact.com/products]
